Arguments: 
  D:\node.exe C:\Users\hgx63\AppData\Roaming\npm\node_modules\yarn\bin\yarn.js add antd

PATH: 
  C:\Program Files (x86)\Python37-32\Scripts\;C:\Program Files (x86)\Python37-32\;C:\Windows\system32;C:\Windows;C:\Windows\System32\Wbem;C:\Windows\System32\WindowsPowerShell\v1.0\;C:\Windows\System32\OpenSSH\;C:\Program Files\Intel\WiFi\bin\;C:\Program Files\Common Files\Intel\WirelessCommon\;C:\Program Files (x86)\Yarn\bin\;C:\Program Files\Git\cmd;D:\;C:\Users\hgx63\AppData\Local\Microsoft\WindowsApps;C:\Program Files\JetBrains\WebStorm 2019.1.3\bin;;C:\Program Files\Intel\WiFi\bin\;C:\Program Files\Common Files\Intel\WirelessCommon\;C:\Users\hgx63\AppData\Local\Yarn\bin;C:\Program Files\JetBrains\PyCharm 2019.1.3\bin;;C:\Users\hgx63\AppData\Roaming\Python\Python37\Scripts;;D:\Microsoft VS Code\bin;C:\Users\hgx63\AppData\Roaming\npm

Yarn version: 
  1.17.3

Node version: 
  10.16.3

Platform: 
  win32 x64

Trace: 
  Error: ENOENT: no such file or directory, copyfile 'C:\Users\hgx63\AppData\Local\Yarn\Cache\v4\npm-pify-4.0.1-4b2cd25c50d598735c50292224fd8c6df41e3231\node_modules\pify\index.js' -> 'C:\Users\hgx63\Desktop\demo\node_modules\af-webpack\node_modules\pify\index.js'

npm manifest: 
  {
    "private": true,
    "scripts": {
      "start": "roadhog server",
      "build": "roadhog build",
      "lint": "eslint --ext .js src test",
      "precommit": "npm run lint"
    },
    "dependencies": {
      "dva": "^2.4.1",
      "react": "^16.2.0",
      "react-dom": "^16.2.0"
    },
    "devDependencies": {
      "babel-plugin-dva-hmr": "^0.3.2",
      "eslint": "^4.14.0",
      "eslint-config-umi": "^0.1.1",
      "eslint-plugin-flowtype": "^2.34.1",
      "eslint-plugin-import": "^2.6.0",
      "eslint-plugin-jsx-a11y": "^5.1.1",
      "eslint-plugin-react": "^7.1.0",
      "husky": "^0.12.0",
      "redbox-react": "^1.4.3",
      "roadhog": "^2.5.0-beta.4"
    }
  }

yarn manifest: 
  No manifest

Lockfile: 
  No lockfile
